{"C:\\Users\\vampi\\go\\src\\node-server\\server.js": {"path":"C:\\Users\\vampi\\go\\src\\node-server\\server.js","statementMap":{"0":{"start":{"line":1,"column":0},"end":{"line":1,"column":27}},"1":{"start":{"line":2,"column":16},"end":{"line":2,"column":34}},"2":{"start":{"line":3,"column":12},"end":{"line":3,"column":21}},"3":{"start":{"line":4,"column":13},"end":{"line":4,"column":28}},"4":{"start":{"line":5,"column":13},"end":{"line":5,"column":28}},"5":{"start":{"line":6,"column":28},"end":{"line":6,"column":61}},"6":{"start":{"line":7,"column":21},"end":{"line":7,"column":57}},"7":{"start":{"line":8,"column":20},"end":{"line":8,"column":51}},"8":{"start":{"line":9,"column":20},"end":{"line":9,"column":55}},"9":{"start":{"line":10,"column":18},"end":{"line":10,"column":51}},"10":{"start":{"line":11,"column":21},"end":{"line":11,"column":45}},"11":{"start":{"line":12,"column":18},"end":{"line":12,"column":44}},"12":{"start":{"line":13,"column":13},"end":{"line":13,"column":37}},"13":{"start":{"line":14,"column":17},"end":{"line":14,"column":36}},"14":{"start":{"line":17,"column":0},"end":{"line":17,"column":12}},"15":{"start":{"line":19,"column":0},"end":{"line":19,"column":16}},"16":{"start":{"line":21,"column":0},"end":{"line":21,"column":22}},"17":{"start":{"line":25,"column":0},"end":{"line":25,"column":21}},"18":{"start":{"line":28,"column":0},"end":{"line":28,"column":27}},"19":{"start":{"line":30,"column":0},"end":{"line":30,"column":47}},"20":{"start":{"line":31,"column":0},"end":{"line":31,"column":24}},"21":{"start":{"line":34,"column":0},"end":{"line":34,"column":24}},"22":{"start":{"line":35,"column":0},"end":{"line":35,"column":62}},"23":{"start":{"line":38,"column":0},"end":{"line":38,"column":39}},"24":{"start":{"line":39,"column":0},"end":{"line":39,"column":51}},"25":{"start":{"line":40,"column":0},"end":{"line":40,"column":43}},"26":{"start":{"line":41,"column":0},"end":{"line":41,"column":49}},"27":{"start":{"line":42,"column":0},"end":{"line":42,"column":47}},"28":{"start":{"line":45,"column":0},"end":{"line":45,"column":19}},"29":{"start":{"line":46,"column":0},"end":{"line":46,"column":57}},"30":{"start":{"line":47,"column":0},"end":{"line":47,"column":49}},"31":{"start":{"line":49,"column":0},"end":{"line":58,"column":3}},"32":{"start":{"line":50,"column":4},"end":{"line":50,"column":20}},"33":{"start":{"line":51,"column":4},"end":{"line":57,"column":5}},"34":{"start":{"line":52,"column":8},"end":{"line":52,"column":64}},"35":{"start":{"line":53,"column":11},"end":{"line":57,"column":5}},"36":{"start":{"line":54,"column":8},"end":{"line":54,"column":43}},"37":{"start":{"line":56,"column":8},"end":{"line":56,"column":45}},"38":{"start":{"line":62,"column":0},"end":{"line":67,"column":2}},"39":{"start":{"line":63,"column":4},"end":{"line":66,"column":5}},"40":{"start":{"line":64,"column":8},"end":{"line":64,"column":45}},"41":{"start":{"line":65,"column":8},"end":{"line":65,"column":82}},"42":{"start":{"line":65,"column":33},"end":{"line":65,"column":78}},"43":{"start":{"line":68,"column":0},"end":{"line":68,"column":20}}},"fnMap":{"0":{"name":"(anonymous_0)","decl":{"start":{"line":49,"column":13},"end":{"line":49,"column":14}},"loc":{"start":{"line":49,"column":27},"end":{"line":58,"column":1}},"line":49},"1":{"name":"(anonymous_1)","decl":{"start":{"line":62,"column":33},"end":{"line":62,"column":34}},"loc":{"start":{"line":62,"column":39},"end":{"line":67,"column":1}},"line":62},"2":{"name":"(anonymous_2)","decl":{"start":{"line":65,"column":25},"end":{"line":65,"column":26}},"loc":{"start":{"line":65,"column":31},"end":{"line":65,"column":80}},"line":65}},"branchMap":{"0":{"loc":{"start":{"line":13,"column":13},"end":{"line":13,"column":37}},"type":"binary-expr","locations":[{"start":{"line":13,"column":13},"end":{"line":13,"column":29}},{"start":{"line":13,"column":33},"end":{"line":13,"column":37}}],"line":13},"1":{"loc":{"start":{"line":51,"column":4},"end":{"line":57,"column":5}},"type":"if","locations":[{"start":{"line":51,"column":4},"end":{"line":57,"column":5}},{"start":{"line":53,"column":11},"end":{"line":57,"column":5}}],"line":51},"2":{"loc":{"start":{"line":53,"column":11},"end":{"line":57,"column":5}},"type":"if","locations":[{"start":{"line":53,"column":11},"end":{"line":57,"column":5}},{"start":{"line":55,"column":11},"end":{"line":57,"column":5}}],"line":53},"3":{"loc":{"start":{"line":63,"column":4},"end":{"line":66,"column":5}},"type":"if","locations":[{"start":{"line":63,"column":4},"end":{"line":66,"column":5}},{"start":{},"end":{}}],"line":63},"4":{"loc":{"start":{"line":63,"column":8},"end":{"line":63,"column":65}},"type":"binary-expr","locations":[{"start":{"line":63,"column":8},"end":{"line":63,"column":40}},{"start":{"line":63,"column":44},"end":{"line":63,"column":65}}],"line":63}},"s":{"0":4,"1":4,"2":4,"3":4,"4":4,"5":4,"6":4,"7":4,"8":4,"9":4,"10":4,"11":4,"12":4,"13":4,"14":4,"15":4,"16":4,"17":4,"18":4,"19":4,"20":4,"21":4,"22":4,"23":4,"24":4,"25":4,"26":4,"27":4,"28":4,"29":4,"30":4,"31":4,"32":1,"33":1,"34":1,"35":0,"36":0,"37":0,"38":4,"39":3,"40":0,"41":0,"42":0,"43":4},"f":{"0":1,"1":3,"2":0},"b":{"0":[4,0],"1":[1,0],"2":[0,0],"3":[0,3],"4":[3,3]},"_coverageSchema":"1a1c01bbd47fc00a2c39e90264f33305004495a9","hash":"c5db5eaf778881b0ac240f0866ccb377b3d7227b"}
,"C:\\Users\\vampi\\go\\src\\node-server\\config\\allowedOrigins.js": {"path":"C:\\Users\\vampi\\go\\src\\node-server\\config\\allowedOrigins.js","statementMap":{"0":{"start":{"line":1,"column":23},"end":{"line":5,"column":1}},"1":{"start":{"line":7,"column":0},"end":{"line":7,"column":32}}},"fnMap":{},"branchMap":{},"s":{"0":4,"1":4},"f":{},"b":{},"_coverageSchema":"1a1c01bbd47fc00a2c39e90264f33305004495a9","hash":"b280a61631514805278415fef4425f0d3cea6098"}
,"C:\\Users\\vampi\\go\\src\\node-server\\config\\corsOptions.js": {"path":"C:\\Users\\vampi\\go\\src\\node-server\\config\\corsOptions.js","statementMap":{"0":{"start":{"line":2,"column":23},"end":{"line":2,"column":50}},"1":{"start":{"line":3,"column":20},"end":{"line":12,"column":1}},"2":{"start":{"line":5,"column":8},"end":{"line":9,"column":9}},"3":{"start":{"line":6,"column":12},"end":{"line":6,"column":33}},"4":{"start":{"line":8,"column":12},"end":{"line":8,"column":55}},"5":{"start":{"line":14,"column":0},"end":{"line":14,"column":29}}},"fnMap":{"0":{"name":"(anonymous_0)","decl":{"start":{"line":4,"column":12},"end":{"line":4,"column":13}},"loc":{"start":{"line":4,"column":34},"end":{"line":10,"column":5}},"line":4}},"branchMap":{"0":{"loc":{"start":{"line":5,"column":8},"end":{"line":9,"column":9}},"type":"if","locations":[{"start":{"line":5,"column":8},"end":{"line":9,"column":9}},{"start":{"line":7,"column":15},"end":{"line":9,"column":9}}],"line":5},"1":{"loc":{"start":{"line":5,"column":11},"end":{"line":5,"column":59}},"type":"binary-expr","locations":[{"start":{"line":5,"column":11},"end":{"line":5,"column":48}},{"start":{"line":5,"column":52},"end":{"line":5,"column":59}}],"line":5}},"s":{"0":4,"1":4,"2":29,"3":29,"4":0,"5":4},"f":{"0":29},"b":{"0":[29,0],"1":[29,29]},"_coverageSchema":"1a1c01bbd47fc00a2c39e90264f33305004495a9","hash":"e9fc7c036a702787738ae83953d8931885c77a1c"}
,"C:\\Users\\vampi\\go\\src\\node-server\\config\\dbConn.js": {"path":"C:\\Users\\vampi\\go\\src\\node-server\\config\\dbConn.js","statementMap":{"0":{"start":{"line":1,"column":17},"end":{"line":1,"column":36}},"1":{"start":{"line":4,"column":18},"end":{"line":10,"column":1}},"2":{"start":{"line":5,"column":4},"end":{"line":9,"column":5}},"3":{"start":{"line":6,"column":8},"end":{"line":6,"column":57}},"4":{"start":{"line":8,"column":8},"end":{"line":8,"column":27}},"5":{"start":{"line":12,"column":0},"end":{"line":12,"column":26}}},"fnMap":{"0":{"name":"(anonymous_0)","decl":{"start":{"line":4,"column":18},"end":{"line":4,"column":19}},"loc":{"start":{"line":4,"column":30},"end":{"line":10,"column":1}},"line":4}},"branchMap":{},"s":{"0":4,"1":4,"2":4,"3":4,"4":0,"5":4},"f":{"0":4},"b":{},"_coverageSchema":"1a1c01bbd47fc00a2c39e90264f33305004495a9","hash":"2e3a1c70c7e412542b9fa109f855dc5380c526b1"}
,"C:\\Users\\vampi\\go\\src\\node-server\\config\\role_list.js": {"path":"C:\\Users\\vampi\\go\\src\\node-server\\config\\role_list.js","statementMap":{"0":{"start":{"line":1,"column":19},"end":{"line":6,"column":1}},"1":{"start":{"line":7,"column":0},"end":{"line":7,"column":27}}},"fnMap":{},"branchMap":{},"s":{"0":4,"1":4},"f":{},"b":{},"_coverageSchema":"1a1c01bbd47fc00a2c39e90264f33305004495a9","hash":"3ef75da7f78f4285b189a742b910b58429043d24"}
,"C:\\Users\\vampi\\go\\src\\node-server\\controllers\\authController.js": {"path":"C:\\Users\\vampi\\go\\src\\node-server\\controllers\\authController.js","statementMap":{"0":{"start":{"line":1,"column":13},"end":{"line":1,"column":37}},"1":{"start":{"line":2,"column":15},"end":{"line":2,"column":32}},"2":{"start":{"line":3,"column":12},"end":{"line":3,"column":35}},"3":{"start":{"line":5,"column":20},"end":{"line":48,"column":1}},"4":{"start":{"line":6,"column":26},"end":{"line":6,"column":34}},"5":{"start":{"line":7,"column":4},"end":{"line":7,"column":105}},"6":{"start":{"line":7,"column":23},"end":{"line":7,"column":105}},"7":{"start":{"line":10,"column":22},"end":{"line":10,"column":64}},"8":{"start":{"line":13,"column":4},"end":{"line":13,"column":47}},"9":{"start":{"line":13,"column":20},"end":{"line":13,"column":47}},"10":{"start":{"line":15,"column":18},"end":{"line":15,"column":63}},"11":{"start":{"line":16,"column":4},"end":{"line":47,"column":5}},"12":{"start":{"line":17,"column":22},"end":{"line":17,"column":68}},"13":{"start":{"line":19,"column":28},"end":{"line":27,"column":9}},"14":{"start":{"line":28,"column":29},"end":{"line":35,"column":9}},"15":{"start":{"line":37,"column":8},"end":{"line":37,"column":46}},"16":{"start":{"line":38,"column":23},"end":{"line":38,"column":45}},"17":{"start":{"line":43,"column":8},"end":{"line":43,"column":121}},"18":{"start":{"line":44,"column":8},"end":{"line":44,"column":41}},"19":{"start":{"line":46,"column":8},"end":{"line":46,"column":28}},"20":{"start":{"line":50,"column":0},"end":{"line":50,"column":33}}},"fnMap":{"0":{"name":"(anonymous_0)","decl":{"start":{"line":5,"column":20},"end":{"line":5,"column":21}},"loc":{"start":{"line":5,"column":40},"end":{"line":48,"column":1}},"line":5}},"branchMap":{"0":{"loc":{"start":{"line":7,"column":4},"end":{"line":7,"column":105}},"type":"if","locations":[{"start":{"line":7,"column":4},"end":{"line":7,"column":105}},{"start":{},"end":{}}],"line":7},"1":{"loc":{"start":{"line":7,"column":8},"end":{"line":7,"column":21}},"type":"binary-expr","locations":[{"start":{"line":7,"column":8},"end":{"line":7,"column":13}},{"start":{"line":7,"column":17},"end":{"line":7,"column":21}}],"line":7},"2":{"loc":{"start":{"line":13,"column":4},"end":{"line":13,"column":47}},"type":"if","locations":[{"start":{"line":13,"column":4},"end":{"line":13,"column":47}},{"start":{},"end":{}}],"line":13},"3":{"loc":{"start":{"line":16,"column":4},"end":{"line":47,"column":5}},"type":"if","locations":[{"start":{"line":16,"column":4},"end":{"line":47,"column":5}},{"start":{"line":45,"column":11},"end":{"line":47,"column":5}}],"line":16}},"s":{"0":4,"1":4,"2":4,"3":4,"4":6,"5":6,"6":1,"7":5,"8":5,"9":1,"10":4,"11":4,"12":3,"13":3,"14":3,"15":3,"16":3,"17":3,"18":3,"19":1,"20":4},"f":{"0":6},"b":{"0":[1,5],"1":[6,5],"2":[1,4],"3":[3,1]},"_coverageSchema":"1a1c01bbd47fc00a2c39e90264f33305004495a9","hash":"aa78c2a860cee2fd8e771422f58b582a0ef60089"}
,"C:\\Users\\vampi\\go\\src\\node-server\\controllers\\employeesController.js": {"path":"C:\\Users\\vampi\\go\\src\\node-server\\controllers\\employeesController.js","statementMap":{"0":{"start":{"line":1,"column":17},"end":{"line":1,"column":45}},"1":{"start":{"line":3,"column":24},"end":{"line":8,"column":1}},"2":{"start":{"line":5,"column":22},"end":{"line":5,"column":43}},"3":{"start":{"line":6,"column":4},"end":{"line":6,"column":82}},"4":{"start":{"line":6,"column":19},"end":{"line":6,"column":82}},"5":{"start":{"line":7,"column":4},"end":{"line":7,"column":24}},"6":{"start":{"line":10,"column":27},"end":{"line":25,"column":1}},"7":{"start":{"line":11,"column":4},"end":{"line":13,"column":5}},"8":{"start":{"line":12,"column":8},"end":{"line":12,"column":84}},"9":{"start":{"line":15,"column":4},"end":{"line":24,"column":5}},"10":{"start":{"line":16,"column":23},"end":{"line":19,"column":10}},"11":{"start":{"line":21,"column":8},"end":{"line":21,"column":37}},"12":{"start":{"line":23,"column":8},"end":{"line":23,"column":27}},"13":{"start":{"line":28,"column":24},"end":{"line":43,"column":1}},"14":{"start":{"line":29,"column":4},"end":{"line":29,"column":89}},"15":{"start":{"line":29,"column":24},"end":{"line":29,"column":89}},"16":{"start":{"line":31,"column":19},"end":{"line":31,"column":53}},"17":{"start":{"line":32,"column":18},"end":{"line":32,"column":47}},"18":{"start":{"line":33,"column":4},"end":{"line":33,"column":82}},"19":{"start":{"line":33,"column":18},"end":{"line":33,"column":82}},"20":{"start":{"line":35,"column":21},"end":{"line":35,"column":69}},"21":{"start":{"line":36,"column":4},"end":{"line":38,"column":5}},"22":{"start":{"line":37,"column":8},"end":{"line":37,"column":89}},"23":{"start":{"line":39,"column":4},"end":{"line":39,"column":69}},"24":{"start":{"line":39,"column":29},"end":{"line":39,"column":69}},"25":{"start":{"line":40,"column":4},"end":{"line":40,"column":66}},"26":{"start":{"line":40,"column":28},"end":{"line":40,"column":66}},"27":{"start":{"line":41,"column":19},"end":{"line":41,"column":40}},"28":{"start":{"line":42,"column":4},"end":{"line":42,"column":21}},"29":{"start":{"line":45,"column":24},"end":{"line":56,"column":1}},"30":{"start":{"line":46,"column":4},"end":{"line":46,"column":97}},"31":{"start":{"line":46,"column":24},"end":{"line":46,"column":97}},"32":{"start":{"line":48,"column":21},"end":{"line":48,"column":69}},"33":{"start":{"line":49,"column":4},"end":{"line":51,"column":5}},"34":{"start":{"line":50,"column":8},"end":{"line":50,"column":89}},"35":{"start":{"line":53,"column":19},"end":{"line":53,"column":62}},"36":{"start":{"line":55,"column":4},"end":{"line":55,"column":21}},"37":{"start":{"line":58,"column":20},"end":{"line":66,"column":1}},"38":{"start":{"line":59,"column":4},"end":{"line":59,"column":99}},"39":{"start":{"line":59,"column":26},"end":{"line":59,"column":99}},"40":{"start":{"line":61,"column":21},"end":{"line":61,"column":72}},"41":{"start":{"line":62,"column":4},"end":{"line":64,"column":5}},"42":{"start":{"line":63,"column":8},"end":{"line":63,"column":89}},"43":{"start":{"line":65,"column":4},"end":{"line":65,"column":23}},"44":{"start":{"line":69,"column":0},"end":{"line":75,"column":1}}},"fnMap":{"0":{"name":"(anonymous_0)","decl":{"start":{"line":3,"column":24},"end":{"line":3,"column":25}},"loc":{"start":{"line":3,"column":44},"end":{"line":8,"column":1}},"line":3},"1":{"name":"(anonymous_1)","decl":{"start":{"line":10,"column":27},"end":{"line":10,"column":28}},"loc":{"start":{"line":10,"column":47},"end":{"line":25,"column":1}},"line":10},"2":{"name":"(anonymous_2)","decl":{"start":{"line":28,"column":24},"end":{"line":28,"column":25}},"loc":{"start":{"line":28,"column":44},"end":{"line":43,"column":1}},"line":28},"3":{"name":"(anonymous_3)","decl":{"start":{"line":45,"column":24},"end":{"line":45,"column":25}},"loc":{"start":{"line":45,"column":44},"end":{"line":56,"column":1}},"line":45},"4":{"name":"(anonymous_4)","decl":{"start":{"line":58,"column":20},"end":{"line":58,"column":21}},"loc":{"start":{"line":58,"column":40},"end":{"line":66,"column":1}},"line":58}},"branchMap":{"0":{"loc":{"start":{"line":6,"column":4},"end":{"line":6,"column":82}},"type":"if","locations":[{"start":{"line":6,"column":4},"end":{"line":6,"column":82}},{"start":{},"end":{}}],"line":6},"1":{"loc":{"start":{"line":11,"column":4},"end":{"line":13,"column":5}},"type":"if","locations":[{"start":{"line":11,"column":4},"end":{"line":13,"column":5}},{"start":{},"end":{}}],"line":11},"2":{"loc":{"start":{"line":11,"column":7},"end":{"line":11,"column":52}},"type":"binary-expr","locations":[{"start":{"line":11,"column":7},"end":{"line":11,"column":28}},{"start":{"line":11,"column":32},"end":{"line":11,"column":52}}],"line":11},"3":{"loc":{"start":{"line":29,"column":4},"end":{"line":29,"column":89}},"type":"if","locations":[{"start":{"line":29,"column":4},"end":{"line":29,"column":89}},{"start":{},"end":{}}],"line":29},"4":{"loc":{"start":{"line":33,"column":4},"end":{"line":33,"column":82}},"type":"if","locations":[{"start":{"line":33,"column":4},"end":{"line":33,"column":82}},{"start":{},"end":{}}],"line":33},"5":{"loc":{"start":{"line":36,"column":4},"end":{"line":38,"column":5}},"type":"if","locations":[{"start":{"line":36,"column":4},"end":{"line":38,"column":5}},{"start":{},"end":{}}],"line":36},"6":{"loc":{"start":{"line":39,"column":4},"end":{"line":39,"column":69}},"type":"if","locations":[{"start":{"line":39,"column":4},"end":{"line":39,"column":69}},{"start":{},"end":{}}],"line":39},"7":{"loc":{"start":{"line":40,"column":4},"end":{"line":40,"column":66}},"type":"if","locations":[{"start":{"line":40,"column":4},"end":{"line":40,"column":66}},{"start":{},"end":{}}],"line":40},"8":{"loc":{"start":{"line":46,"column":4},"end":{"line":46,"column":97}},"type":"if","locations":[{"start":{"line":46,"column":4},"end":{"line":46,"column":97}},{"start":{},"end":{}}],"line":46},"9":{"loc":{"start":{"line":49,"column":4},"end":{"line":51,"column":5}},"type":"if","locations":[{"start":{"line":49,"column":4},"end":{"line":51,"column":5}},{"start":{},"end":{}}],"line":49},"10":{"loc":{"start":{"line":59,"column":4},"end":{"line":59,"column":99}},"type":"if","locations":[{"start":{"line":59,"column":4},"end":{"line":59,"column":99}},{"start":{},"end":{}}],"line":59},"11":{"loc":{"start":{"line":62,"column":4},"end":{"line":64,"column":5}},"type":"if","locations":[{"start":{"line":62,"column":4},"end":{"line":64,"column":5}},{"start":{},"end":{}}],"line":62}},"s":{"0":4,"1":4,"2":1,"3":1,"4":0,"5":1,"6":4,"7":3,"8":2,"9":1,"10":1,"11":1,"12":0,"13":4,"14":4,"15":1,"16":3,"17":3,"18":3,"19":1,"20":2,"21":2,"22":1,"23":1,"24":0,"25":1,"26":1,"27":1,"28":1,"29":4,"30":2,"31":0,"32":2,"33":2,"34":1,"35":1,"36":1,"37":4,"38":2,"39":0,"40":2,"41":2,"42":1,"43":1,"44":4},"f":{"0":1,"1":3,"2":4,"3":2,"4":2},"b":{"0":[0,1],"1":[2,1],"2":[3,1],"3":[1,3],"4":[1,2],"5":[1,1],"6":[0,1],"7":[1,0],"8":[0,2],"9":[1,1],"10":[0,2],"11":[1,1]},"_coverageSchema":"1a1c01bbd47fc00a2c39e90264f33305004495a9","hash":"5754950f53268cbc84d03e7bb9da242e6db3674e"}
,"C:\\Users\\vampi\\go\\src\\node-server\\controllers\\logoutController.js": {"path":"C:\\Users\\vampi\\go\\src\\node-server\\controllers\\logoutController.js","statementMap":{"0":{"start":{"line":1,"column":13},"end":{"line":1,"column":37}},"1":{"start":{"line":3,"column":21},"end":{"line":25,"column":1}},"2":{"start":{"line":5,"column":20},"end":{"line":5,"column":31}},"3":{"start":{"line":6,"column":4},"end":{"line":6,"column":50}},"4":{"start":{"line":6,"column":23},"end":{"line":6,"column":50}},"5":{"start":{"line":7,"column":25},"end":{"line":7,"column":36}},"6":{"start":{"line":10,"column":22},"end":{"line":10,"column":63}},"7":{"start":{"line":12,"column":4},"end":{"line":16,"column":5}},"8":{"start":{"line":13,"column":21},"end":{"line":13,"column":58}},"9":{"start":{"line":14,"column":8},"end":{"line":14,"column":112}},"10":{"start":{"line":15,"column":8},"end":{"line":15,"column":35}},"11":{"start":{"line":18,"column":4},"end":{"line":18,"column":32}},"12":{"start":{"line":19,"column":19},"end":{"line":19,"column":41}},"13":{"start":{"line":21,"column":17},"end":{"line":21,"column":54}},"14":{"start":{"line":22,"column":4},"end":{"line":22,"column":108}},"15":{"start":{"line":23,"column":4},"end":{"line":23,"column":24}},"16":{"start":{"line":27,"column":0},"end":{"line":27,"column":33}}},"fnMap":{"0":{"name":"(anonymous_0)","decl":{"start":{"line":3,"column":21},"end":{"line":3,"column":22}},"loc":{"start":{"line":3,"column":41},"end":{"line":25,"column":1}},"line":3}},"branchMap":{"0":{"loc":{"start":{"line":6,"column":4},"end":{"line":6,"column":50}},"type":"if","locations":[{"start":{"line":6,"column":4},"end":{"line":6,"column":50}},{"start":{},"end":{}}],"line":6},"1":{"loc":{"start":{"line":12,"column":4},"end":{"line":16,"column":5}},"type":"if","locations":[{"start":{"line":12,"column":4},"end":{"line":16,"column":5}},{"start":{},"end":{}}],"line":12}},"s":{"0":4,"1":4,"2":3,"3":3,"4":1,"5":2,"6":2,"7":2,"8":0,"9":0,"10":0,"11":2,"12":2,"13":2,"14":2,"15":2,"16":4},"f":{"0":3},"b":{"0":[1,2],"1":[0,2]},"_coverageSchema":"1a1c01bbd47fc00a2c39e90264f33305004495a9","hash":"5cbf2518e80f1962975d3d7ac14580a86073b23f"}
,"C:\\Users\\vampi\\go\\src\\node-server\\controllers\\refreshTokenController.js": {"path":"C:\\Users\\vampi\\go\\src\\node-server\\controllers\\refreshTokenController.js","statementMap":{"0":{"start":{"line":1,"column":13},"end":{"line":1,"column":37}},"1":{"start":{"line":2,"column":12},"end":{"line":2,"column":35}},"2":{"start":{"line":4,"column":27},"end":{"line":34,"column":1}},"3":{"start":{"line":6,"column":20},"end":{"line":6,"column":31}},"4":{"start":{"line":9,"column":4},"end":{"line":9,"column":50}},"5":{"start":{"line":9,"column":23},"end":{"line":9,"column":50}},"6":{"start":{"line":10,"column":25},"end":{"line":10,"column":36}},"7":{"start":{"line":13,"column":22},"end":{"line":13,"column":63}},"8":{"start":{"line":14,"column":4},"end":{"line":14,"column":47}},"9":{"start":{"line":14,"column":20},"end":{"line":14,"column":47}},"10":{"start":{"line":16,"column":4},"end":{"line":33,"column":6}},"11":{"start":{"line":20,"column":12},"end":{"line":20,"column":100}},"12":{"start":{"line":20,"column":73},"end":{"line":20,"column":100}},"13":{"start":{"line":21,"column":26},"end":{"line":21,"column":56}},"14":{"start":{"line":22,"column":32},"end":{"line":30,"column":13}},"15":{"start":{"line":31,"column":12},"end":{"line":31,"column":44}},"16":{"start":{"line":36,"column":0},"end":{"line":36,"column":39}}},"fnMap":{"0":{"name":"(anonymous_0)","decl":{"start":{"line":4,"column":27},"end":{"line":4,"column":28}},"loc":{"start":{"line":4,"column":47},"end":{"line":34,"column":1}},"line":4},"1":{"name":"(anonymous_1)","decl":{"start":{"line":19,"column":8},"end":{"line":19,"column":9}},"loc":{"start":{"line":19,"column":26},"end":{"line":32,"column":9}},"line":19}},"branchMap":{"0":{"loc":{"start":{"line":9,"column":4},"end":{"line":9,"column":50}},"type":"if","locations":[{"start":{"line":9,"column":4},"end":{"line":9,"column":50}},{"start":{},"end":{}}],"line":9},"1":{"loc":{"start":{"line":14,"column":4},"end":{"line":14,"column":47}},"type":"if","locations":[{"start":{"line":14,"column":4},"end":{"line":14,"column":47}},{"start":{},"end":{}}],"line":14},"2":{"loc":{"start":{"line":20,"column":12},"end":{"line":20,"column":100}},"type":"if","locations":[{"start":{"line":20,"column":12},"end":{"line":20,"column":100}},{"start":{},"end":{}}],"line":20},"3":{"loc":{"start":{"line":20,"column":16},"end":{"line":20,"column":71}},"type":"binary-expr","locations":[{"start":{"line":20,"column":16},"end":{"line":20,"column":19}},{"start":{"line":20,"column":23},"end":{"line":20,"column":71}}],"line":20}},"s":{"0":4,"1":4,"2":4,"3":2,"4":2,"5":1,"6":1,"7":1,"8":1,"9":0,"10":1,"11":1,"12":0,"13":1,"14":1,"15":1,"16":4},"f":{"0":2,"1":1},"b":{"0":[1,1],"1":[0,1],"2":[0,1],"3":[1,1]},"_coverageSchema":"1a1c01bbd47fc00a2c39e90264f33305004495a9","hash":"2c13456987c267695f2c6359ee12bb68d068b35b"}
,"C:\\Users\\vampi\\go\\src\\node-server\\controllers\\registerController.js": {"path":"C:\\Users\\vampi\\go\\src\\node-server\\controllers\\registerController.js","statementMap":{"0":{"start":{"line":1,"column":13},"end":{"line":1,"column":37}},"1":{"start":{"line":3,"column":15},"end":{"line":3,"column":32}},"2":{"start":{"line":5,"column":22},"end":{"line":25,"column":1}},"3":{"start":{"line":6,"column":24},"end":{"line":6,"column":32}},"4":{"start":{"line":7,"column":4},"end":{"line":7,"column":105}},"5":{"start":{"line":7,"column":23},"end":{"line":7,"column":105}},"6":{"start":{"line":9,"column":22},"end":{"line":9,"column":64}},"7":{"start":{"line":10,"column":4},"end":{"line":10,"column":46}},"8":{"start":{"line":10,"column":19},"end":{"line":10,"column":46}},"9":{"start":{"line":11,"column":4},"end":{"line":23,"column":5}},"10":{"start":{"line":13,"column":26},"end":{"line":13,"column":52}},"11":{"start":{"line":15,"column":23},"end":{"line":18,"column":10}},"12":{"start":{"line":19,"column":8},"end":{"line":19,"column":28}},"13":{"start":{"line":20,"column":8},"end":{"line":20,"column":73}},"14":{"start":{"line":22,"column":8},"end":{"line":22,"column":57}},"15":{"start":{"line":27,"column":0},"end":{"line":27,"column":34}}},"fnMap":{"0":{"name":"(anonymous_0)","decl":{"start":{"line":5,"column":22},"end":{"line":5,"column":23}},"loc":{"start":{"line":5,"column":41},"end":{"line":25,"column":1}},"line":5}},"branchMap":{"0":{"loc":{"start":{"line":7,"column":4},"end":{"line":7,"column":105}},"type":"if","locations":[{"start":{"line":7,"column":4},"end":{"line":7,"column":105}},{"start":{},"end":{}}],"line":7},"1":{"loc":{"start":{"line":7,"column":8},"end":{"line":7,"column":21}},"type":"binary-expr","locations":[{"start":{"line":7,"column":8},"end":{"line":7,"column":13}},{"start":{"line":7,"column":17},"end":{"line":7,"column":21}}],"line":7},"2":{"loc":{"start":{"line":10,"column":4},"end":{"line":10,"column":46}},"type":"if","locations":[{"start":{"line":10,"column":4},"end":{"line":10,"column":46}},{"start":{},"end":{}}],"line":10}},"s":{"0":4,"1":4,"2":4,"3":2,"4":2,"5":1,"6":1,"7":1,"8":1,"9":0,"10":0,"11":0,"12":0,"13":0,"14":0,"15":4},"f":{"0":2},"b":{"0":[1,1],"1":[2,1],"2":[1,0]},"_coverageSchema":"1a1c01bbd47fc00a2c39e90264f33305004495a9","hash":"cb36ba6a444846d6b434b789c5e7a9fd57719f9d"}
,"C:\\Users\\vampi\\go\\src\\node-server\\controllers\\usersController.js": {"path":"C:\\Users\\vampi\\go\\src\\node-server\\controllers\\usersController.js","statementMap":{"0":{"start":{"line":1,"column":13},"end":{"line":1,"column":37}},"1":{"start":{"line":3,"column":20},"end":{"line":8,"column":1}},"2":{"start":{"line":5,"column":18},"end":{"line":5,"column":35}},"3":{"start":{"line":6,"column":4},"end":{"line":6,"column":74}},"4":{"start":{"line":6,"column":15},"end":{"line":6,"column":74}},"5":{"start":{"line":7,"column":4},"end":{"line":7,"column":20}},"6":{"start":{"line":9,"column":0},"end":{"line":11,"column":1}}},"fnMap":{"0":{"name":"(anonymous_0)","decl":{"start":{"line":3,"column":20},"end":{"line":3,"column":21}},"loc":{"start":{"line":3,"column":40},"end":{"line":8,"column":1}},"line":3}},"branchMap":{"0":{"loc":{"start":{"line":6,"column":4},"end":{"line":6,"column":74}},"type":"if","locations":[{"start":{"line":6,"column":4},"end":{"line":6,"column":74}},{"start":{},"end":{}}],"line":6}},"s":{"0":4,"1":4,"2":2,"3":2,"4":0,"5":2,"6":4},"f":{"0":2},"b":{"0":[0,2]},"_coverageSchema":"1a1c01bbd47fc00a2c39e90264f33305004495a9","hash":"02f79d90512c3bbfe4d062f58e742d6be87c98e2"}
,"C:\\Users\\vampi\\go\\src\\node-server\\middleware\\credentials.js": {"path":"C:\\Users\\vampi\\go\\src\\node-server\\middleware\\credentials.js","statementMap":{"0":{"start":{"line":1,"column":23},"end":{"line":1,"column":58}},"1":{"start":{"line":3,"column":20},"end":{"line":9,"column":1}},"2":{"start":{"line":4,"column":19},"end":{"line":4,"column":37}},"3":{"start":{"line":5,"column":4},"end":{"line":7,"column":5}},"4":{"start":{"line":6,"column":8},"end":{"line":6,"column":61}},"5":{"start":{"line":8,"column":4},"end":{"line":8,"column":11}},"6":{"start":{"line":11,"column":0},"end":{"line":11,"column":28}}},"fnMap":{"0":{"name":"(anonymous_0)","decl":{"start":{"line":3,"column":20},"end":{"line":3,"column":21}},"loc":{"start":{"line":3,"column":40},"end":{"line":9,"column":1}},"line":3}},"branchMap":{"0":{"loc":{"start":{"line":5,"column":4},"end":{"line":7,"column":5}},"type":"if","locations":[{"start":{"line":5,"column":4},"end":{"line":7,"column":5}},{"start":{},"end":{}}],"line":5}},"s":{"0":4,"1":4,"2":29,"3":29,"4":0,"5":29,"6":4},"f":{"0":29},"b":{"0":[0,29]},"_coverageSchema":"1a1c01bbd47fc00a2c39e90264f33305004495a9","hash":"27baac4e8a15a340b72b3ff2f65eb25aca94a876"}
,"C:\\Users\\vampi\\go\\src\\node-server\\middleware\\errorHandler.js": {"path":"C:\\Users\\vampi\\go\\src\\node-server\\middleware\\errorHandler.js","statementMap":{"0":{"start":{"line":1,"column":20},"end":{"line":1,"column":42}},"1":{"start":{"line":4,"column":21},"end":{"line":8,"column":1}},"2":{"start":{"line":5,"column":4},"end":{"line":5,"column":57}},"3":{"start":{"line":6,"column":4},"end":{"line":6,"column":29}},"4":{"start":{"line":7,"column":4},"end":{"line":7,"column":38}},"5":{"start":{"line":10,"column":0},"end":{"line":10,"column":30}}},"fnMap":{"0":{"name":"(anonymous_0)","decl":{"start":{"line":4,"column":21},"end":{"line":4,"column":22}},"loc":{"start":{"line":4,"column":46},"end":{"line":8,"column":1}},"line":4}},"branchMap":{},"s":{"0":4,"1":4,"2":0,"3":0,"4":0,"5":4},"f":{"0":0},"b":{},"_coverageSchema":"1a1c01bbd47fc00a2c39e90264f33305004495a9","hash":"5990a704999fd0ea92ce4c2b23345b809a761c3d"}
,"C:\\Users\\vampi\\go\\src\\node-server\\middleware\\logEvents.js": {"path":"C:\\Users\\vampi\\go\\src\\node-server\\middleware\\logEvents.js","statementMap":{"0":{"start":{"line":1,"column":19},"end":{"line":1,"column":38}},"1":{"start":{"line":2,"column":20},"end":{"line":2,"column":35}},"2":{"start":{"line":3,"column":11},"end":{"line":3,"column":24}},"3":{"start":{"line":4,"column":19},"end":{"line":4,"column":41}},"4":{"start":{"line":5,"column":13},"end":{"line":5,"column":28}},"5":{"start":{"line":8,"column":18},"end":{"line":20,"column":1}},"6":{"start":{"line":9,"column":21},"end":{"line":9,"column":65}},"7":{"start":{"line":10,"column":20},"end":{"line":10,"column":58}},"8":{"start":{"line":12,"column":4},"end":{"line":19,"column":5}},"9":{"start":{"line":13,"column":8},"end":{"line":15,"column":9}},"10":{"start":{"line":14,"column":12},"end":{"line":14,"column":71}},"11":{"start":{"line":16,"column":8},"end":{"line":16,"column":89}},"12":{"start":{"line":18,"column":8},"end":{"line":18,"column":27}},"13":{"start":{"line":22,"column":15},"end":{"line":26,"column":1}},"14":{"start":{"line":24,"column":4},"end":{"line":24,"column":80}},"15":{"start":{"line":25,"column":4},"end":{"line":25,"column":11}},"16":{"start":{"line":28,"column":0},"end":{"line":28,"column":38}},"17":{"start":{"line":30,"column":0},"end":{"line":33,"column":2}},"18":{"start":{"line":31,"column":4},"end":{"line":31,"column":57}},"19":{"start":{"line":32,"column":4},"end":{"line":32,"column":20}}},"fnMap":{"0":{"name":"(anonymous_0)","decl":{"start":{"line":8,"column":18},"end":{"line":8,"column":19}},"loc":{"start":{"line":8,"column":45},"end":{"line":20,"column":1}},"line":8},"1":{"name":"(anonymous_1)","decl":{"start":{"line":22,"column":15},"end":{"line":22,"column":16}},"loc":{"start":{"line":22,"column":35},"end":{"line":26,"column":1}},"line":22},"2":{"name":"(anonymous_2)","decl":{"start":{"line":30,"column":32},"end":{"line":30,"column":33}},"loc":{"start":{"line":30,"column":39},"end":{"line":33,"column":1}},"line":30}},"branchMap":{"0":{"loc":{"start":{"line":13,"column":8},"end":{"line":15,"column":9}},"type":"if","locations":[{"start":{"line":13,"column":8},"end":{"line":15,"column":9}},{"start":{},"end":{}}],"line":13}},"s":{"0":4,"1":4,"2":4,"3":4,"4":4,"5":4,"6":29,"7":29,"8":29,"9":29,"10":0,"11":29,"12":0,"13":4,"14":29,"15":29,"16":4,"17":4,"18":0,"19":0},"f":{"0":29,"1":29,"2":0},"b":{"0":[0,29]},"_coverageSchema":"1a1c01bbd47fc00a2c39e90264f33305004495a9","hash":"aaa6087bb278a1225f767363a0cec441ec81d5e9"}
,"C:\\Users\\vampi\\go\\src\\node-server\\middleware\\verifyJWT.js": {"path":"C:\\Users\\vampi\\go\\src\\node-server\\middleware\\verifyJWT.js","statementMap":{"0":{"start":{"line":1,"column":12},"end":{"line":1,"column":35}},"1":{"start":{"line":3,"column":18},"end":{"line":18,"column":1}},"2":{"start":{"line":4,"column":23},"end":{"line":4,"column":141}},"3":{"start":{"line":6,"column":4},"end":{"line":6,"column":69}},"4":{"start":{"line":6,"column":42},"end":{"line":6,"column":69}},"5":{"start":{"line":7,"column":18},"end":{"line":7,"column":42}},"6":{"start":{"line":8,"column":4},"end":{"line":17,"column":5}},"7":{"start":{"line":12,"column":12},"end":{"line":12,"column":47}},"8":{"start":{"line":12,"column":20},"end":{"line":12,"column":47}},"9":{"start":{"line":13,"column":12},"end":{"line":13,"column":49}},"10":{"start":{"line":14,"column":12},"end":{"line":14,"column":46}},"11":{"start":{"line":15,"column":12},"end":{"line":15,"column":19}},"12":{"start":{"line":20,"column":0},"end":{"line":20,"column":26}}},"fnMap":{"0":{"name":"(anonymous_0)","decl":{"start":{"line":3,"column":18},"end":{"line":3,"column":19}},"loc":{"start":{"line":3,"column":38},"end":{"line":18,"column":1}},"line":3},"1":{"name":"(anonymous_1)","decl":{"start":{"line":11,"column":8},"end":{"line":11,"column":9}},"loc":{"start":{"line":11,"column":26},"end":{"line":16,"column":9}},"line":11}},"branchMap":{"0":{"loc":{"start":{"line":4,"column":23},"end":{"line":4,"column":141}},"type":"binary-expr","locations":[{"start":{"line":4,"column":23},"end":{"line":4,"column":48}},{"start":{"line":4,"column":52},"end":{"line":4,"column":77}},{"start":{"line":4,"column":81},"end":{"line":4,"column":109}},{"start":{"line":4,"column":113},"end":{"line":4,"column":141}}],"line":4},"1":{"loc":{"start":{"line":6,"column":4},"end":{"line":6,"column":69}},"type":"if","locations":[{"start":{"line":6,"column":4},"end":{"line":6,"column":69}},{"start":{},"end":{}}],"line":6},"2":{"loc":{"start":{"line":12,"column":12},"end":{"line":12,"column":47}},"type":"if","locations":[{"start":{"line":12,"column":12},"end":{"line":12,"column":47}},{"start":{},"end":{}}],"line":12}},"s":{"0":4,"1":4,"2":16,"3":16,"4":1,"5":15,"6":15,"7":15,"8":0,"9":15,"10":15,"11":15,"12":4},"f":{"0":16,"1":15},"b":{"0":[16,1,1,1],"1":[1,15],"2":[0,15]},"_coverageSchema":"1a1c01bbd47fc00a2c39e90264f33305004495a9","hash":"165a213cad02e0a13cebf6dc547232306594c36f"}
,"C:\\Users\\vampi\\go\\src\\node-server\\middleware\\verifyRoles.js": {"path":"C:\\Users\\vampi\\go\\src\\node-server\\middleware\\verifyRoles.js","statementMap":{"0":{"start":{"line":1,"column":20},"end":{"line":11,"column":1}},"1":{"start":{"line":2,"column":4},"end":{"line":10,"column":5}},"2":{"start":{"line":4,"column":8},"end":{"line":4,"column":52}},"3":{"start":{"line":4,"column":25},"end":{"line":4,"column":52}},"4":{"start":{"line":5,"column":27},"end":{"line":5,"column":44}},"5":{"start":{"line":7,"column":23},"end":{"line":7,"column":97}},"6":{"start":{"line":7,"column":45},"end":{"line":7,"column":70}},"7":{"start":{"line":7,"column":84},"end":{"line":7,"column":96}},"8":{"start":{"line":8,"column":8},"end":{"line":8,"column":48}},"9":{"start":{"line":8,"column":21},"end":{"line":8,"column":48}},"10":{"start":{"line":9,"column":8},"end":{"line":9,"column":15}},"11":{"start":{"line":13,"column":0},"end":{"line":13,"column":28}}},"fnMap":{"0":{"name":"(anonymous_0)","decl":{"start":{"line":1,"column":20},"end":{"line":1,"column":21}},"loc":{"start":{"line":1,"column":41},"end":{"line":11,"column":1}},"line":1},"1":{"name":"(anonymous_1)","decl":{"start":{"line":2,"column":11},"end":{"line":2,"column":12}},"loc":{"start":{"line":2,"column":31},"end":{"line":10,"column":5}},"line":2},"2":{"name":"(anonymous_2)","decl":{"start":{"line":7,"column":37},"end":{"line":7,"column":38}},"loc":{"start":{"line":7,"column":45},"end":{"line":7,"column":70}},"line":7},"3":{"name":"(anonymous_3)","decl":{"start":{"line":7,"column":77},"end":{"line":7,"column":78}},"loc":{"start":{"line":7,"column":84},"end":{"line":7,"column":96}},"line":7}},"branchMap":{"0":{"loc":{"start":{"line":4,"column":8},"end":{"line":4,"column":52}},"type":"if","locations":[{"start":{"line":4,"column":8},"end":{"line":4,"column":52}},{"start":{},"end":{}}],"line":4},"1":{"loc":{"start":{"line":8,"column":8},"end":{"line":8,"column":48}},"type":"if","locations":[{"start":{"line":8,"column":8},"end":{"line":8,"column":48}},{"start":{},"end":{}}],"line":8}},"s":{"0":4,"1":12,"2":9,"3":0,"4":9,"5":9,"6":27,"7":20,"8":9,"9":0,"10":9,"11":4},"f":{"0":12,"1":9,"2":27,"3":20},"b":{"0":[0,9],"1":[0,9]},"_coverageSchema":"1a1c01bbd47fc00a2c39e90264f33305004495a9","hash":"ea55366b17dc4a09e640e5087004def4581c91c8"}
,"C:\\Users\\vampi\\go\\src\\node-server\\model\\Employee.js": {"path":"C:\\Users\\vampi\\go\\src\\node-server\\model\\Employee.js","statementMap":{"0":{"start":{"line":1,"column":17},"end":{"line":1,"column":36}},"1":{"start":{"line":2,"column":15},"end":{"line":2,"column":30}},"2":{"start":{"line":4,"column":23},"end":{"line":13,"column":2}},"3":{"start":{"line":15,"column":0},"end":{"line":15,"column":60}}},"fnMap":{},"branchMap":{},"s":{"0":4,"1":4,"2":4,"3":4},"f":{},"b":{},"_coverageSchema":"1a1c01bbd47fc00a2c39e90264f33305004495a9","hash":"125826bd2f2ca9e196529714ae70467a9ab4d7f8"}
,"C:\\Users\\vampi\\go\\src\\node-server\\model\\User.js": {"path":"C:\\Users\\vampi\\go\\src\\node-server\\model\\User.js","statementMap":{"0":{"start":{"line":1,"column":17},"end":{"line":1,"column":36}},"1":{"start":{"line":2,"column":15},"end":{"line":2,"column":30}},"2":{"start":{"line":4,"column":19},"end":{"line":26,"column":2}},"3":{"start":{"line":28,"column":0},"end":{"line":28,"column":52}}},"fnMap":{},"branchMap":{},"s":{"0":4,"1":4,"2":4,"3":4},"f":{},"b":{},"_coverageSchema":"1a1c01bbd47fc00a2c39e90264f33305004495a9","hash":"3aca7fa5d5d2333178f48c3305670ced785cffd1"}
,"C:\\Users\\vampi\\go\\src\\node-server\\routes\\auth.js": {"path":"C:\\Users\\vampi\\go\\src\\node-server\\routes\\auth.js","statementMap":{"0":{"start":{"line":1,"column":16},"end":{"line":1,"column":34}},"1":{"start":{"line":2,"column":15},"end":{"line":2,"column":31}},"2":{"start":{"line":3,"column":23},"end":{"line":3,"column":63}},"3":{"start":{"line":5,"column":0},"end":{"line":5,"column":45}},"4":{"start":{"line":7,"column":0},"end":{"line":7,"column":24}}},"fnMap":{},"branchMap":{},"s":{"0":4,"1":4,"2":4,"3":4,"4":4},"f":{},"b":{},"_coverageSchema":"1a1c01bbd47fc00a2c39e90264f33305004495a9","hash":"4255256161b36384042a04e65bd7d1a39a71e353"}
,"C:\\Users\\vampi\\go\\src\\node-server\\routes\\logout.js": {"path":"C:\\Users\\vampi\\go\\src\\node-server\\routes\\logout.js","statementMap":{"0":{"start":{"line":1,"column":16},"end":{"line":1,"column":34}},"1":{"start":{"line":2,"column":15},"end":{"line":2,"column":31}},"2":{"start":{"line":3,"column":25},"end":{"line":3,"column":67}},"3":{"start":{"line":5,"column":0},"end":{"line":5,"column":47}},"4":{"start":{"line":7,"column":0},"end":{"line":7,"column":24}}},"fnMap":{},"branchMap":{},"s":{"0":4,"1":4,"2":4,"3":4,"4":4},"f":{},"b":{},"_coverageSchema":"1a1c01bbd47fc00a2c39e90264f33305004495a9","hash":"e1a7946faa937c27ca2ec05f6c7191e53004583b"}
,"C:\\Users\\vampi\\go\\src\\node-server\\routes\\refresh.js": {"path":"C:\\Users\\vampi\\go\\src\\node-server\\routes\\refresh.js","statementMap":{"0":{"start":{"line":1,"column":16},"end":{"line":1,"column":34}},"1":{"start":{"line":2,"column":15},"end":{"line":2,"column":31}},"2":{"start":{"line":3,"column":31},"end":{"line":3,"column":79}},"3":{"start":{"line":5,"column":0},"end":{"line":5,"column":59}},"4":{"start":{"line":7,"column":0},"end":{"line":7,"column":24}}},"fnMap":{},"branchMap":{},"s":{"0":4,"1":4,"2":4,"3":4,"4":4},"f":{},"b":{},"_coverageSchema":"1a1c01bbd47fc00a2c39e90264f33305004495a9","hash":"a81d45d7a5d98aaa8e9a406fe088629ba5b6f10c"}
,"C:\\Users\\vampi\\go\\src\\node-server\\routes\\register.js": {"path":"C:\\Users\\vampi\\go\\src\\node-server\\routes\\register.js","statementMap":{"0":{"start":{"line":1,"column":16},"end":{"line":1,"column":34}},"1":{"start":{"line":2,"column":15},"end":{"line":2,"column":31}},"2":{"start":{"line":3,"column":27},"end":{"line":3,"column":71}},"3":{"start":{"line":5,"column":0},"end":{"line":5,"column":51}},"4":{"start":{"line":7,"column":0},"end":{"line":7,"column":24}}},"fnMap":{},"branchMap":{},"s":{"0":4,"1":4,"2":4,"3":4,"4":4},"f":{},"b":{},"_coverageSchema":"1a1c01bbd47fc00a2c39e90264f33305004495a9","hash":"abf43c1590d56e5528f480ac402fcc0d80392b00"}
,"C:\\Users\\vampi\\go\\src\\node-server\\routes\\root.js": {"path":"C:\\Users\\vampi\\go\\src\\node-server\\routes\\root.js","statementMap":{"0":{"start":{"line":1,"column":16},"end":{"line":1,"column":34}},"1":{"start":{"line":2,"column":15},"end":{"line":2,"column":31}},"2":{"start":{"line":3,"column":13},"end":{"line":3,"column":28}},"3":{"start":{"line":5,"column":0},"end":{"line":7,"column":3}},"4":{"start":{"line":6,"column":4},"end":{"line":6,"column":69}},"5":{"start":{"line":9,"column":0},"end":{"line":9,"column":24}}},"fnMap":{"0":{"name":"(anonymous_0)","decl":{"start":{"line":5,"column":32},"end":{"line":5,"column":33}},"loc":{"start":{"line":5,"column":46},"end":{"line":7,"column":1}},"line":5}},"branchMap":{},"s":{"0":4,"1":4,"2":4,"3":4,"4":0,"5":4},"f":{"0":0},"b":{},"_coverageSchema":"1a1c01bbd47fc00a2c39e90264f33305004495a9","hash":"66297ddb4d6ca03f5849174658412e25e48e3d18"}
,"C:\\Users\\vampi\\go\\src\\node-server\\routes\\api\\employees.js": {"path":"C:\\Users\\vampi\\go\\src\\node-server\\routes\\api\\employees.js","statementMap":{"0":{"start":{"line":1,"column":16},"end":{"line":1,"column":34}},"1":{"start":{"line":2,"column":15},"end":{"line":2,"column":31}},"2":{"start":{"line":3,"column":28},"end":{"line":3,"column":76}},"3":{"start":{"line":4,"column":19},"end":{"line":4,"column":52}},"4":{"start":{"line":5,"column":20},"end":{"line":5,"column":59}},"5":{"start":{"line":7,"column":0},"end":{"line":11,"column":80}},"6":{"start":{"line":13,"column":0},"end":{"line":14,"column":42}},"7":{"start":{"line":16,"column":0},"end":{"line":16,"column":24}}},"fnMap":{},"branchMap":{},"s":{"0":4,"1":4,"2":4,"3":4,"4":4,"5":4,"6":4,"7":4},"f":{},"b":{},"_coverageSchema":"1a1c01bbd47fc00a2c39e90264f33305004495a9","hash":"b173b80a9cad26f609c8e70efacf6a1d8c3a3e98"}
,"C:\\Users\\vampi\\go\\src\\node-server\\routes\\api\\users.js": {"path":"C:\\Users\\vampi\\go\\src\\node-server\\routes\\api\\users.js","statementMap":{"0":{"start":{"line":1,"column":16},"end":{"line":1,"column":34}},"1":{"start":{"line":2,"column":15},"end":{"line":2,"column":31}},"2":{"start":{"line":3,"column":24},"end":{"line":3,"column":68}},"3":{"start":{"line":7,"column":0},"end":{"line":8,"column":37}},"4":{"start":{"line":16,"column":0},"end":{"line":16,"column":24}}},"fnMap":{},"branchMap":{},"s":{"0":4,"1":4,"2":4,"3":4,"4":4},"f":{},"b":{},"_coverageSchema":"1a1c01bbd47fc00a2c39e90264f33305004495a9","hash":"856b0a9a39255bdfa07840d622796d027c57d5e0"}
}
