TN:
SF:server.js
FN:49,(anonymous_0)
FN:62,(anonymous_1)
FN:65,(anonymous_2)
FNF:3
FNH:2
FNDA:1,(anonymous_0)
FNDA:3,(anonymous_1)
FNDA:0,(anonymous_2)
DA:1,4
DA:2,4
DA:3,4
DA:4,4
DA:5,4
DA:6,4
DA:7,4
DA:8,4
DA:9,4
DA:10,4
DA:11,4
DA:12,4
DA:13,4
DA:14,4
DA:17,4
DA:19,4
DA:21,4
DA:25,4
DA:28,4
DA:30,4
DA:31,4
DA:34,4
DA:35,4
DA:38,4
DA:39,4
DA:40,4
DA:41,4
DA:42,4
DA:45,4
DA:46,4
DA:47,4
DA:49,4
DA:50,1
DA:51,1
DA:52,1
DA:53,0
DA:54,0
DA:56,0
DA:62,4
DA:63,3
DA:64,0
DA:65,0
DA:68,4
LF:43
LH:38
BRDA:13,0,0,4
BRDA:13,0,1,0
BRDA:51,1,0,1
BRDA:51,1,1,0
BRDA:53,2,0,0
BRDA:53,2,1,0
BRDA:63,3,0,0
BRDA:63,3,1,3
BRDA:63,4,0,3
BRDA:63,4,1,3
BRF:10
BRH:5
end_of_record
TN:
SF:config\allowedOrigins.js
FNF:0
FNH:0
DA:1,4
DA:7,4
LF:2
LH:2
BRF:0
BRH:0
end_of_record
TN:
SF:config\corsOptions.js
FN:4,(anonymous_0)
FNF:1
FNH:1
FNDA:29,(anonymous_0)
DA:2,4
DA:3,4
DA:5,29
DA:6,29
DA:8,0
DA:14,4
LF:6
LH:5
BRDA:5,0,0,29
BRDA:5,0,1,0
BRDA:5,1,0,29
BRDA:5,1,1,29
BRF:4
BRH:3
end_of_record
TN:
SF:config\dbConn.js
FN:4,(anonymous_0)
FNF:1
FNH:1
FNDA:4,(anonymous_0)
DA:1,4
DA:4,4
DA:5,4
DA:6,4
DA:8,0
DA:12,4
LF:6
LH:5
BRF:0
BRH:0
end_of_record
TN:
SF:config\role_list.js
FNF:0
FNH:0
DA:1,4
DA:7,4
LF:2
LH:2
BRF:0
BRH:0
end_of_record
TN:
SF:controllers\authController.js
FN:5,(anonymous_0)
FNF:1
FNH:1
FNDA:6,(anonymous_0)
DA:1,4
DA:2,4
DA:3,4
DA:5,4
DA:6,6
DA:7,6
DA:10,5
DA:13,5
DA:15,4
DA:16,4
DA:17,3
DA:19,3
DA:28,3
DA:37,3
DA:38,3
DA:43,3
DA:44,3
DA:46,1
DA:50,4
LF:19
LH:19
BRDA:7,0,0,1
BRDA:7,0,1,5
BRDA:7,1,0,6
BRDA:7,1,1,5
BRDA:13,2,0,1
BRDA:13,2,1,4
BRDA:16,3,0,3
BRDA:16,3,1,1
BRF:8
BRH:8
end_of_record
TN:
SF:controllers\employeesController.js
FN:3,(anonymous_0)
FN:10,(anonymous_1)
FN:28,(anonymous_2)
FN:45,(anonymous_3)
FN:58,(anonymous_4)
FNF:5
FNH:5
FNDA:1,(anonymous_0)
FNDA:3,(anonymous_1)
FNDA:4,(anonymous_2)
FNDA:2,(anonymous_3)
FNDA:2,(anonymous_4)
DA:1,4
DA:3,4
DA:5,1
DA:6,1
DA:7,1
DA:10,4
DA:11,3
DA:12,2
DA:15,1
DA:16,1
DA:21,1
DA:23,0
DA:28,4
DA:29,4
DA:31,3
DA:32,3
DA:33,3
DA:35,2
DA:36,2
DA:37,1
DA:39,1
DA:40,1
DA:41,1
DA:42,1
DA:45,4
DA:46,2
DA:48,2
DA:49,2
DA:50,1
DA:53,1
DA:55,1
DA:58,4
DA:59,2
DA:61,2
DA:62,2
DA:63,1
DA:65,1
DA:69,4
LF:38
LH:37
BRDA:6,0,0,0
BRDA:6,0,1,1
BRDA:11,1,0,2
BRDA:11,1,1,1
BRDA:11,2,0,3
BRDA:11,2,1,1
BRDA:29,3,0,1
BRDA:29,3,1,3
BRDA:33,4,0,1
BRDA:33,4,1,2
BRDA:36,5,0,1
BRDA:36,5,1,1
BRDA:39,6,0,0
BRDA:39,6,1,1
BRDA:40,7,0,1
BRDA:40,7,1,0
BRDA:46,8,0,0
BRDA:46,8,1,2
BRDA:49,9,0,1
BRDA:49,9,1,1
BRDA:59,10,0,0
BRDA:59,10,1,2
BRDA:62,11,0,1
BRDA:62,11,1,1
BRF:24
BRH:19
end_of_record
TN:
SF:controllers\logoutController.js
FN:3,(anonymous_0)
FNF:1
FNH:1
FNDA:3,(anonymous_0)
DA:1,4
DA:3,4
DA:5,3
DA:6,3
DA:7,2
DA:10,2
DA:12,2
DA:13,0
DA:14,0
DA:15,0
DA:18,2
DA:19,2
DA:21,2
DA:22,2
DA:23,2
DA:27,4
LF:16
LH:13
BRDA:6,0,0,1
BRDA:6,0,1,2
BRDA:12,1,0,0
BRDA:12,1,1,2
BRF:4
BRH:3
end_of_record
TN:
SF:controllers\refreshTokenController.js
FN:4,(anonymous_0)
FN:19,(anonymous_1)
FNF:2
FNH:2
FNDA:2,(anonymous_0)
FNDA:1,(anonymous_1)
DA:1,4
DA:2,4
DA:4,4
DA:6,2
DA:9,2
DA:10,1
DA:13,1
DA:14,1
DA:16,1
DA:20,1
DA:21,1
DA:22,1
DA:31,1
DA:36,4
LF:14
LH:14
BRDA:9,0,0,1
BRDA:9,0,1,1
BRDA:14,1,0,0
BRDA:14,1,1,1
BRDA:20,2,0,0
BRDA:20,2,1,1
BRDA:20,3,0,1
BRDA:20,3,1,1
BRF:8
BRH:6
end_of_record
TN:
SF:controllers\registerController.js
FN:5,(anonymous_0)
FNF:1
FNH:1
FNDA:2,(anonymous_0)
DA:1,4
DA:3,4
DA:5,4
DA:6,2
DA:7,2
DA:9,1
DA:10,1
DA:11,0
DA:13,0
DA:15,0
DA:19,0
DA:20,0
DA:22,0
DA:27,4
LF:14
LH:8
BRDA:7,0,0,1
BRDA:7,0,1,1
BRDA:7,1,0,2
BRDA:7,1,1,1
BRDA:10,2,0,1
BRDA:10,2,1,0
BRF:6
BRH:5
end_of_record
TN:
SF:controllers\usersController.js
FN:3,(anonymous_0)
FNF:1
FNH:1
FNDA:2,(anonymous_0)
DA:1,4
DA:3,4
DA:5,2
DA:6,2
DA:7,2
DA:9,4
LF:6
LH:6
BRDA:6,0,0,0
BRDA:6,0,1,2
BRF:2
BRH:1
end_of_record
TN:
SF:middleware\credentials.js
FN:3,(anonymous_0)
FNF:1
FNH:1
FNDA:29,(anonymous_0)
DA:1,4
DA:3,4
DA:4,29
DA:5,29
DA:6,0
DA:8,29
DA:11,4
LF:7
LH:6
BRDA:5,0,0,0
BRDA:5,0,1,29
BRF:2
BRH:1
end_of_record
TN:
SF:middleware\errorHandler.js
FN:4,(anonymous_0)
FNF:1
FNH:0
FNDA:0,(anonymous_0)
DA:1,4
DA:4,4
DA:5,0
DA:6,0
DA:7,0
DA:10,4
LF:6
LH:3
BRF:0
BRH:0
end_of_record
TN:
SF:middleware\logEvents.js
FN:8,(anonymous_0)
FN:22,(anonymous_1)
FN:30,(anonymous_2)
FNF:3
FNH:2
FNDA:29,(anonymous_0)
FNDA:29,(anonymous_1)
FNDA:0,(anonymous_2)
DA:1,4
DA:2,4
DA:3,4
DA:4,4
DA:5,4
DA:8,4
DA:9,29
DA:10,29
DA:12,29
DA:13,29
DA:14,0
DA:16,29
DA:18,0
DA:22,4
DA:24,29
DA:25,29
DA:28,4
DA:30,4
DA:31,0
DA:32,0
LF:20
LH:16
BRDA:13,0,0,0
BRDA:13,0,1,29
BRF:2
BRH:1
end_of_record
TN:
SF:middleware\verifyJWT.js
FN:3,(anonymous_0)
FN:11,(anonymous_1)
FNF:2
FNH:2
FNDA:16,(anonymous_0)
FNDA:15,(anonymous_1)
DA:1,4
DA:3,4
DA:4,16
DA:6,16
DA:7,15
DA:8,15
DA:12,15
DA:13,15
DA:14,15
DA:15,15
DA:20,4
LF:11
LH:11
BRDA:4,0,0,16
BRDA:4,0,1,1
BRDA:4,0,2,1
BRDA:4,0,3,1
BRDA:6,1,0,1
BRDA:6,1,1,15
BRDA:12,2,0,0
BRDA:12,2,1,15
BRF:8
BRH:7
end_of_record
TN:
SF:middleware\verifyRoles.js
FN:1,(anonymous_0)
FN:2,(anonymous_1)
FN:7,(anonymous_2)
FN:7,(anonymous_3)
FNF:4
FNH:4
FNDA:12,(anonymous_0)
FNDA:9,(anonymous_1)
FNDA:27,(anonymous_2)
FNDA:20,(anonymous_3)
DA:1,4
DA:2,12
DA:4,9
DA:5,9
DA:7,27
DA:8,9
DA:9,9
DA:13,4
LF:8
LH:8
BRDA:4,0,0,0
BRDA:4,0,1,9
BRDA:8,1,0,0
BRDA:8,1,1,9
BRF:4
BRH:2
end_of_record
TN:
SF:model\Employee.js
FNF:0
FNH:0
DA:1,4
DA:2,4
DA:4,4
DA:15,4
LF:4
LH:4
BRF:0
BRH:0
end_of_record
TN:
SF:model\User.js
FNF:0
FNH:0
DA:1,4
DA:2,4
DA:4,4
DA:28,4
LF:4
LH:4
BRF:0
BRH:0
end_of_record
TN:
SF:routes\auth.js
FNF:0
FNH:0
DA:1,4
DA:2,4
DA:3,4
DA:5,4
DA:7,4
LF:5
LH:5
BRF:0
BRH:0
end_of_record
TN:
SF:routes\logout.js
FNF:0
FNH:0
DA:1,4
DA:2,4
DA:3,4
DA:5,4
DA:7,4
LF:5
LH:5
BRF:0
BRH:0
end_of_record
TN:
SF:routes\refresh.js
FNF:0
FNH:0
DA:1,4
DA:2,4
DA:3,4
DA:5,4
DA:7,4
LF:5
LH:5
BRF:0
BRH:0
end_of_record
TN:
SF:routes\register.js
FNF:0
FNH:0
DA:1,4
DA:2,4
DA:3,4
DA:5,4
DA:7,4
LF:5
LH:5
BRF:0
BRH:0
end_of_record
TN:
SF:routes\root.js
FN:5,(anonymous_0)
FNF:1
FNH:0
FNDA:0,(anonymous_0)
DA:1,4
DA:2,4
DA:3,4
DA:5,4
DA:6,0
DA:9,4
LF:6
LH:5
BRF:0
BRH:0
end_of_record
TN:
SF:routes\api\employees.js
FNF:0
FNH:0
DA:1,4
DA:2,4
DA:3,4
DA:4,4
DA:5,4
DA:7,4
DA:13,4
DA:16,4
LF:8
LH:8
BRF:0
BRH:0
end_of_record
TN:
SF:routes\api\users.js
FNF:0
FNH:0
DA:1,4
DA:2,4
DA:3,4
DA:7,4
DA:16,4
LF:5
LH:5
BRF:0
BRH:0
end_of_record
